make all --print-data-base --no-builtin-variables --no-builtin-rules --question
make: *** No rule to make target 'all'.  Stop.

# GNU Make 4.1
# Built for x86_64-pc-linux-gnu
# Copyright (C) 1988-2014 Free Software Foundation, Inc.
# License GPLv3+: GNU GPL version 3 or later <http://gnu.org/licenses/gpl.html>
# This is free software: you are free to change and redistribute it.
# There is NO WARRANTY, to the extent permitted by law.

# Make data base, printed on Wed Jun  1 14:16:32 2022

# Variables

# 'override' directive
GNUMAKEFLAGS := 
# automatic
<D = $(patsubst %/,%,$(dir $<))
# automatic
?F = $(notdir $?)
# environment
DESKTOP_SESSION = ubuntu
# default
.SHELLFLAGS := -c
# environment
XDG_SESSION_TYPE = x11
# environment
VSCODE_LOG_NATIVE = false
# automatic
?D = $(patsubst %/,%,$(dir $?))
# environment
IM_CONFIG_PHASE = 2
# automatic
@D = $(patsubst %/,%,$(dir $@))
# environment
XAUTHORITY = /run/user/30800/gdm/Xauthority
# environment
GDMSESSION = ubuntu
# environment
XMODIFIERS = @im=ibus
# makefile
CURDIR := /fs03/share/users/emma.ortiz/home/Documents/projet_majeure/Projet_Majeure
# makefile
SHELL = /bin/sh
# environment
VSCODE_NLS_CONFIG = {"locale":"fr","availableLanguages":{"*":"fr"},"_languagePackId":"25fe6a3290ec415596628d4afc87a88c.fr","_translationsConfigFile":"/fs03/share/users/emma.ortiz/home/.config/Code/clp/25fe6a3290ec415596628d4afc87a88c.fr/tcf.json","_cacheRoot":"/fs03/share/users/emma.ortiz/home/.config/Code/clp/25fe6a3290ec415596628d4afc87a88c.fr","_resolvedLanguagePackCoreLocation":"/fs03/share/users/emma.ortiz/home/.config/Code/clp/25fe6a3290ec415596628d4afc87a88c.fr/c3511e6c69bb39013c4a4b7b9566ec1ca73fc4d5","_corruptedFile":"/fs03/share/users/emma.ortiz/home/.config/Code/clp/25fe6a3290ec415596628d4afc87a88c.fr/corrupted.info","_languagePackSupport":true}
# environment
_ = /usr/share/code/code
# environment
XDG_CONFIG_DIRS = /etc/xdg/xdg-ubuntu:/etc/xdg
# makefile
MAKEFILE_LIST := 
# automatic
@F = $(notdir $@)
# environment
GIO_LAUNCHED_DESKTOP_FILE = /usr/share/applications/code.desktop
# environment
USERNAME = emma.ortiz
# environment
MAKELEVEL := 0
# environment
MANDATORY_PATH = /usr/share/gconf/ubuntu.mandatory.path
# environment
XDG_DATA_DIRS = /usr/share/ubuntu:/fs03/share/users/emma.ortiz/home/.local/share/flatpak/exports/share/:/var/lib/flatpak/exports/share/:/usr/local/share/:/usr/share/
# environment
DBUS_SESSION_BUS_ADDRESS = unix:path=/run/user/30800/bus
# environment
VSCODE_VERBOSE_LOGGING = true
# environment
CLUTTER_IM_MODULE = xim
# environment
VSCODE_IPC_HOOK_EXTHOST = /run/user/30800/vscode-ipc-89e9bedb-276b-4d9a-a826-673a242e8fee.sock
# environment
VSCODE_CWD = /fs03/share/users/emma.ortiz/home
# default
MAKE_HOST := x86_64-pc-linux-gnu
# environment
PATH = /softwares/bin:/softs/bin:/usr/local/cpe/bin:/usr/local/cpe/sbin:/usr/local/sbin:/usr/local/bin:/usr/sbin:/usr/bin:/sbin:/bin
# environment
LM_LICENSE_FILE = 2100@xilinx.license.cpe.fr
# environment
GPG_AGENT_INFO = /run/user/30800/gnupg/S.gpg-agent:0:1
# environment
SESSION_MANAGER = local/tpg19.cpe.lan:@/tmp/.ICE-unix/12964,unix/tpg19.cpe.lan:/tmp/.ICE-unix/12964
# environment
XDG_RUNTIME_DIR = /run/user/30800
# environment
TEXTDOMAIN = im-config
# environment
XDG_MENU_PREFIX = gnome-
# environment
VSCODE_LOG_STACK = false
# environment
ELECTRON_RUN_AS_NODE = 1
# default
.FEATURES := target-specific order-only second-expansion else-if shortest-stem undefine oneshell archives jobserver output-sync check-symlink load
# environment
XDG_SESSION_DESKTOP = ubuntu
# environment
SSH_AUTH_SOCK = /run/user/30800/keyring/ssh
# environment
GIO_LAUNCHED_DESKTOP_FILE_PID = 17039
# automatic
%F = $(notdir $%)
# environment
DISPLAY = :1
# environment
GTK_IM_MODULE = ibus
# environment
VSCODE_PIPE_LOGGING = true
# environment
PWD = /fs03/share/users/emma.ortiz/home/Documents/projet_majeure/Projet_Majeure
# environment
XDG_SEAT = seat0
# environment
SSH_AGENT_PID = 13081
# environment
ORIGINAL_XDG_CURRENT_DESKTOP = ubuntu:GNOME
# environment
GTK_MODULES = gail:atk-bridge
# environment
VSCODE_AMD_ENTRYPOINT = vs/workbench/api/node/extensionHostProcess
# environment
HOME = /fs03/share/users/emma.ortiz/home
# environment
XDG_CACHE_HOME = /run/shm/.cache/emma.ortiz
# environment
VSCODE_CODE_CACHE_PATH = /fs03/share/users/emma.ortiz/home/.config/Code/CachedData/c3511e6c69bb39013c4a4b7b9566ec1ca73fc4d5
# environment
LOGNAME = emma.ortiz
# environment
APPLICATION_INSIGHTS_NO_DIAGNOSTIC_CHANNEL = 1
# environment
VSCODE_HANDLES_UNCAUGHT_ERRORS = true
# default
MAKE_VERSION := 4.1
# environment
GNOME_DESKTOP_SESSION_ID = this-is-deprecated
# automatic
^D = $(patsubst %/,%,$(dir $^))
# environment
XDG_VTNR = 2
# environment
KICAD_PATH = /usr/share/kicad
# default
MAKE = $(MAKE_COMMAND)
# default
MAKECMDGOALS := all
# environment
QT_IM_MODULE = ibus
# environment
QT_DEVICE_PIXEL_RATIO = auto
# environment
SHLVL = 1
# environment
GNOME_SHELL_SESSION_MODE = ubuntu
# environment
XDG_SESSION_ID = 6
# environment
USER = emma.ortiz
# makefile
.DEFAULT_GOAL := 
# environment
XDG_CURRENT_DESKTOP = Unity
# environment
LIBVIRT_DEFAULT_URI = qemu:///system
# automatic
%D = $(patsubst %/,%,$(dir $%))
# default
MAKE_COMMAND := make
# default
.VARIABLES := 
# automatic
*F = $(notdir $*)
# environment
LANGUAGE = fr_FR:
# environment
VSCODE_IPC_HOOK = /run/user/30800/vscode-880eb7a2-1.67.2-main.sock
# makefile
MAKEFLAGS = pqrR
# environment
MFLAGS = -pqrR
# automatic
*D = $(patsubst %/,%,$(dir $*))
# automatic
+D = $(patsubst %/,%,$(dir $+))
# environment
GDK_BACKEND = x11
# automatic
+F = $(notdir $+)
# environment
QT_ACCESSIBILITY = 1
# environment
DEFAULTS_PATH = /usr/share/gconf/ubuntu.default.path
# environment
TEXTDOMAINDIR = /usr/share/locale/
# default
MAKEFILES := 
# automatic
<F = $(notdir $<)
# environment
LC_ALL = C
# environment
DEBIAN_FRONTEND = noninteractive
# environment
QT4_IM_MODULE = xim
# environment
GJS_DEBUG_TOPICS = JS ERROR;JS LOG
# automatic
^F = $(notdir $^)
# default
SUFFIXES := 
# environment
KIGITHUB = https://github.com/KiCad
# environment
CHROME_DESKTOP = code-url-handler.desktop
# environment
WINDOWPATH = 2
# default
.INCLUDE_DIRS = /usr/include /usr/local/include /usr/include
# environment
GJS_DEBUG_OUTPUT = stderr
# default
.RECIPEPREFIX := 
# environment
LANG = C
# environment
PT7HOME = /opt/pt
# environment
VSCODE_PID = 17039
# variable set hash-table stats:
# Load=108/1024=11%, Rehash=0, Collisions=15/130=12%

# Pattern-specific Variable Values

# No pattern-specific variable values.

# Directories

# . (device 50, inode 32637657): 13 files, no impossibilities.

# 13 files, no impossibilities in 1 directories.

# Implicit Rules

# No implicit rules.

# Files

# Not a target:
all:
#  Command line target.
#  Implicit rule search has been done.
#  File does not exist.
#  File has not been updated.

# Not a target:
Makefile:
#  Implicit rule search has been done.
#  File does not exist.
#  File has been updated.
#  Failed to be updated.

# Not a target:
makefile:
#  Implicit rule search has been done.
#  File does not exist.
#  File has been updated.
#  Failed to be updated.

# Not a target:
.DEFAULT:
#  Implicit rule search has not been done.
#  Modification time never checked.
#  File has not been updated.

# Not a target:
GNUmakefile:
#  Implicit rule search has been done.
#  File does not exist.
#  File has been updated.
#  Failed to be updated.

# files hash-table stats:
# Load=6/1024=1%, Rehash=0, Collisions=0/15=0%
# VPATH Search Paths

# No 'vpath' search paths.

# No general ('VPATH' variable) search path.
 

# strcache buffers: 1 (0) / strings = 21 / storage = 256 B / avg = 12 B
# current buf: size = 8162 B / used = 256 B / count = 21 / avg = 12 B

# strcache performance: lookups = 24 / hit rate = 12%
# hash-table stats:
# Load=21/8192=0%, Rehash=0, Collisions=1/24=4%
# Finished Make data base on Wed Jun  1 14:16:32 2022

 
